<?xml version="1.0" encoding="UTF-8"?>
<testng-results ignored="0" total="1" passed="1" failed="0" skipped="0">
  <reporter-output>
    <line>
      <![CDATA[<test>-- Default test has started execution]]>
    </line>
    <line>
      <![CDATA[[TestCase-- removeProductFromCartTC_003 Started ]]]>
    </line>
    <line>
      <![CDATA[[TestCase-- removeProductFromCartTC_003 Successfully Executed ]]]>
    </line>
  </reporter-output>
  <suite started-at="2025-06-04T19:39:40 IST" name="Default suite" finished-at="2025-06-04T19:39:58 IST" duration-ms="17811">
    <groups>
    </groups>
    <test started-at="2025-06-04T19:39:40 IST" name="Default test" finished-at="2025-06-04T19:39:58 IST" duration-ms="17811">
      <class name="testPackage.RemoveProductFromCartTest">
        <test-method is-config="true" signature="browserSetup()[pri:0, instance:testPackage.RemoveProductFromCartTest@279fedbd]" started-at="2025-06-04T19:39:40 IST" name="browserSetup" finished-at="2025-06-04T19:39:46 IST" duration-ms="5692" status="PASS">
          <reporter-output>
          </reporter-output>
        </test-method> <!-- browserSetup -->
        <test-method is-config="true" signature="login()[pri:0, instance:testPackage.RemoveProductFromCartTest@279fedbd]" started-at="2025-06-04T19:39:46 IST" name="login" finished-at="2025-06-04T19:39:48 IST" duration-ms="2543" status="PASS">
          <reporter-output>
          </reporter-output>
        </test-method> <!-- login -->
        <test-method signature="removeProductFromCartTC_003()[pri:0, instance:testPackage.RemoveProductFromCartTest@279fedbd]" started-at="2025-06-04T19:39:48 IST" name="removeProductFromCartTC_003" finished-at="2025-06-04T19:39:56 IST" duration-ms="7620" status="PASS">
          <reporter-output>
            <line>
              <![CDATA[[TestCase-- removeProductFromCartTC_003 Started ]]]>
            </line>
            <line>
              <![CDATA[[TestCase-- removeProductFromCartTC_003 Successfully Executed ]]]>
            </line>
          </reporter-output>
        </test-method> <!-- removeProductFromCartTC_003 -->
        <test-method is-config="true" signature="logout()[pri:0, instance:testPackage.RemoveProductFromCartTest@279fedbd]" started-at="2025-06-04T19:39:56 IST" name="logout" finished-at="2025-06-04T19:39:57 IST" duration-ms="1478" status="PASS">
          <reporter-output>
          </reporter-output>
        </test-method> <!-- logout -->
        <test-method is-config="true" signature="browserTearDown()[pri:0, instance:testPackage.RemoveProductFromCartTest@279fedbd]" started-at="2025-06-04T19:39:57 IST" name="browserTearDown" finished-at="2025-06-04T19:39:58 IST" duration-ms="438" status="PASS">
          <reporter-output>
          </reporter-output>
        </test-method> <!-- browserTearDown -->
      </class> <!-- testPackage.RemoveProductFromCartTest -->
    </test> <!-- Default test -->
  </suite> <!-- Default suite -->
</testng-results>
