<?xml version="1.0" encoding="UTF-8"?>
<!-- Generated by org.testng.reporters.JUnitXMLReporter -->
<testsuite ignored="0" hostname="DESKTOP-VH8AT2M" failures="0" tests="3" name="Bikes" time="65.087" errors="0" timestamp="2025-05-27T18:56:26 IST">
  <testcase classname="testNGBikes.HarleyDavidsonBikesTC" name="harley" time="21.353"/>
  <testcase classname="testNGBikes.HondaBikesTC" name="honda" time="13.36"/>
  <testcase classname="testNGBikes.RoyalEnfieldTC" name="royal" time="30.29"/>
</testsuite> <!-- Bikes -->
