<?xml version="1.0" encoding="UTF-8"?>
<!-- Generated by org.testng.reporters.JUnitXMLReporter -->
<testsuite ignored="0" hostname="DESKTOP-VH8AT2M" failures="0" tests="3" name="Cars" time="49.39" errors="0" timestamp="2025-05-27T18:56:10 IST">
  <testcase classname="testNGCars.RollsRoyceTC" name="rollsRoyce" time="17.242"/>
  <testcase classname="testNGCars.BugattiTC" name="bugatti" time="12.164"/>
  <testcase classname="testNGCars.MercedesTC" name="mercedes" time="19.887"/>
</testsuite> <!-- Cars -->
